C:\USERS\BILLGATES\DOCUMENTS\VISUAL STUDIO 2012\PROJECTS\GLSL_12_MULTIPLE_LIGHTS1\GLSL_12_MULTIPLE_LIGHTS1\RELEASE\OBJLOADER.OBJ
C:\USERS\BILLGATES\DOCUMENTS\VISUAL STUDIO 2012\PROJECTS\GLSL_12_MULTIPLE_LIGHTS1\GLSL_12_MULTIPLE_LIGHTS1\RELEASE\MAIN.OBJ
C:\USERS\BILLGATES\DOCUMENTS\VISUAL STUDIO 2012\PROJECTS\GLSL_12_MULTIPLE_LIGHTS1\GLSL_12_MULTIPLE_LIGHTS1\RELEASE\LOAD_TEXTURES.OBJ
C:\USERS\BILLGATES\DOCUMENTS\VISUAL STUDIO 2012\PROJECTS\GLSL_12_MULTIPLE_LIGHTS1\GLSL_12_MULTIPLE_LIGHTS1\RELEASE\LOAD_SHAPES.OBJ
C:\USERS\BILLGATES\DOCUMENTS\VISUAL STUDIO 2012\PROJECTS\GLSL_12_MULTIPLE_LIGHTS1\GLSL_12_MULTIPLE_LIGHTS1\RELEASE\LOAD_SHADERS.OBJ
C:\USERS\BILLGATES\DOCUMENTS\VISUAL STUDIO 2012\PROJECTS\GLSL_12_MULTIPLE_LIGHTS1\GLSL_12_MULTIPLE_LIGHTS1\RELEASE\LOAD_BUFFERS.OBJ
C:\USERS\BILLGATES\DOCUMENTS\VISUAL STUDIO 2012\PROJECTS\GLSL_12_MULTIPLE_LIGHTS1\GLSL_12_MULTIPLE_LIGHTS1\RELEASE\LOADXML.OBJ
C:\USERS\BILLGATES\DOCUMENTS\VISUAL STUDIO 2012\PROJECTS\GLSL_12_MULTIPLE_LIGHTS1\GLSL_12_MULTIPLE_LIGHTS1\RELEASE\GLFWKEY.OBJ
C:\USERS\BILLGATES\DOCUMENTS\VISUAL STUDIO 2012\PROJECTS\GLSL_12_MULTIPLE_LIGHTS1\GLSL_12_MULTIPLE_LIGHTS1\RELEASE\COMMON.OBJ
C:\USERS\BILLGATES\DOCUMENTS\VISUAL STUDIO 2012\PROJECTS\GLSL_12_MULTIPLE_LIGHTS1\GLSL_12_MULTIPLE_LIGHTS1\RELEASE\2DHUD.OBJ
C:\USERS\BILLGATES\DOCUMENTS\VISUAL STUDIO 2012\PROJECTS\GLSL_12_MULTIPLE_LIGHTS1\GLSL_12_MULTIPLE_LIGHTS1\RELEASE\VC110.PDB
c:\users\billgates\documents\visual studio 2012\Projects\GLSL_12_Multiple_Lights1\Release\GLSL_12_Multiple_Lights1.lib
c:\users\billgates\documents\visual studio 2012\Projects\GLSL_12_Multiple_Lights1\Release\GLSL_12_Multiple_Lights1.exp
C:\USERS\BILLGATES\DOCUMENTS\VISUAL STUDIO 2012\PROJECTS\GLSL_12_MULTIPLE_LIGHTS1\RELEASE\GLSL_12_MULTIPLE_LIGHTS1.EXE
c:\Users\billgates\documents\visual studio 2012\Projects\GLSL_12_Multiple_Lights1\GLSL_12_Multiple_Lights1\Release\2dhud.obj
c:\Users\billgates\documents\visual studio 2012\Projects\GLSL_12_Multiple_Lights1\GLSL_12_Multiple_Lights1\Release\Common.obj
c:\Users\billgates\documents\visual studio 2012\Projects\GLSL_12_Multiple_Lights1\GLSL_12_Multiple_Lights1\Release\glfwkey.obj
c:\Users\billgates\documents\visual studio 2012\Projects\GLSL_12_Multiple_Lights1\GLSL_12_Multiple_Lights1\Release\loadxml.obj
c:\Users\billgates\documents\visual studio 2012\Projects\GLSL_12_Multiple_Lights1\GLSL_12_Multiple_Lights1\Release\load_buffers.obj
c:\Users\billgates\documents\visual studio 2012\Projects\GLSL_12_Multiple_Lights1\GLSL_12_Multiple_Lights1\Release\load_shaders.obj
c:\Users\billgates\documents\visual studio 2012\Projects\GLSL_12_Multiple_Lights1\GLSL_12_Multiple_Lights1\Release\load_shapes.obj
c:\Users\billgates\documents\visual studio 2012\Projects\GLSL_12_Multiple_Lights1\GLSL_12_Multiple_Lights1\Release\load_textures.obj
c:\Users\billgates\documents\visual studio 2012\Projects\GLSL_12_Multiple_Lights1\GLSL_12_Multiple_Lights1\Release\Main.obj
c:\Users\billgates\documents\visual studio 2012\Projects\GLSL_12_Multiple_Lights1\GLSL_12_Multiple_Lights1\Release\objloader.obj
c:\Users\billgates\documents\visual studio 2012\Projects\GLSL_12_Multiple_Lights1\GLSL_12_Multiple_Lights1\Release\cl.command.1.tlog
c:\Users\billgates\documents\visual studio 2012\Projects\GLSL_12_Multiple_Lights1\GLSL_12_Multiple_Lights1\Release\CL.read.1.tlog
c:\Users\billgates\documents\visual studio 2012\Projects\GLSL_12_Multiple_Lights1\GLSL_12_Multiple_Lights1\Release\CL.write.1.tlog
c:\Users\billgates\documents\visual studio 2012\Projects\GLSL_12_Multiple_Lights1\GLSL_12_Multiple_Lights1\Release\GLSL_12_Multiple_Lights1.write.1.tlog
c:\Users\billgates\documents\visual studio 2012\Projects\GLSL_12_Multiple_Lights1\GLSL_12_Multiple_Lights1\Release\link-cvtres.read.1.tlog
c:\Users\billgates\documents\visual studio 2012\Projects\GLSL_12_Multiple_Lights1\GLSL_12_Multiple_Lights1\Release\link-cvtres.write.1.tlog
c:\Users\billgates\documents\visual studio 2012\Projects\GLSL_12_Multiple_Lights1\GLSL_12_Multiple_Lights1\Release\link-rc.read.1.tlog
c:\Users\billgates\documents\visual studio 2012\Projects\GLSL_12_Multiple_Lights1\GLSL_12_Multiple_Lights1\Release\link-rc.write.1.tlog
c:\Users\billgates\documents\visual studio 2012\Projects\GLSL_12_Multiple_Lights1\GLSL_12_Multiple_Lights1\Release\link.command.1.tlog
c:\Users\billgates\documents\visual studio 2012\Projects\GLSL_12_Multiple_Lights1\GLSL_12_Multiple_Lights1\Release\link.read.1.tlog
c:\Users\billgates\documents\visual studio 2012\Projects\GLSL_12_Multiple_Lights1\GLSL_12_Multiple_Lights1\Release\link.write.1.tlog
c:\Users\billgates\documents\visual studio 2012\Projects\GLSL_12_Multiple_Lights1\GLSL_12_Multiple_Lights1\Release\vc110.pdb
c:\users\billgates\documents\visual studio 2012\Projects\GLSL_12_Multiple_Lights1\Release\GLSL_12_Multiple_Lights1.exe
