C:\USERS\BILLGATES\DOCUMENTS\VISUAL STUDIO 2012\PROJECTS\GLSL_PROGRESS2_BEZIER_AND_MULTIPLE_MESH1\GLSL_PROGRESS2_BEZIER_AND_MULTIPLE_MESH1\RELEASE\OBJLOADER.OBJ
C:\USERS\BILLGATES\DOCUMENTS\VISUAL STUDIO 2012\PROJECTS\GLSL_PROGRESS2_BEZIER_AND_MULTIPLE_MESH1\GLSL_PROGRESS2_BEZIER_AND_MULTIPLE_MESH1\RELEASE\MAIN.OBJ
C:\USERS\BILLGATES\DOCUMENTS\VISUAL STUDIO 2012\PROJECTS\GLSL_PROGRESS2_BEZIER_AND_MULTIPLE_MESH1\GLSL_PROGRESS2_BEZIER_AND_MULTIPLE_MESH1\RELEASE\LOAD_TEXTURES.OBJ
C:\USERS\BILLGATES\DOCUMENTS\VISUAL STUDIO 2012\PROJECTS\GLSL_PROGRESS2_BEZIER_AND_MULTIPLE_MESH1\GLSL_PROGRESS2_BEZIER_AND_MULTIPLE_MESH1\RELEASE\LOAD_SHAPES.OBJ
C:\USERS\BILLGATES\DOCUMENTS\VISUAL STUDIO 2012\PROJECTS\GLSL_PROGRESS2_BEZIER_AND_MULTIPLE_MESH1\GLSL_PROGRESS2_BEZIER_AND_MULTIPLE_MESH1\RELEASE\LOAD_SHADERS.OBJ
C:\USERS\BILLGATES\DOCUMENTS\VISUAL STUDIO 2012\PROJECTS\GLSL_PROGRESS2_BEZIER_AND_MULTIPLE_MESH1\GLSL_PROGRESS2_BEZIER_AND_MULTIPLE_MESH1\RELEASE\LOAD_BUFFERS.OBJ
C:\USERS\BILLGATES\DOCUMENTS\VISUAL STUDIO 2012\PROJECTS\GLSL_PROGRESS2_BEZIER_AND_MULTIPLE_MESH1\GLSL_PROGRESS2_BEZIER_AND_MULTIPLE_MESH1\RELEASE\LOADXML.OBJ
C:\USERS\BILLGATES\DOCUMENTS\VISUAL STUDIO 2012\PROJECTS\GLSL_PROGRESS2_BEZIER_AND_MULTIPLE_MESH1\GLSL_PROGRESS2_BEZIER_AND_MULTIPLE_MESH1\RELEASE\GLFWKEY.OBJ
C:\USERS\BILLGATES\DOCUMENTS\VISUAL STUDIO 2012\PROJECTS\GLSL_PROGRESS2_BEZIER_AND_MULTIPLE_MESH1\GLSL_PROGRESS2_BEZIER_AND_MULTIPLE_MESH1\RELEASE\COMMON.OBJ
C:\USERS\BILLGATES\DOCUMENTS\VISUAL STUDIO 2012\PROJECTS\GLSL_PROGRESS2_BEZIER_AND_MULTIPLE_MESH1\GLSL_PROGRESS2_BEZIER_AND_MULTIPLE_MESH1\RELEASE\2DHUD.OBJ
C:\USERS\BILLGATES\DOCUMENTS\VISUAL STUDIO 2012\PROJECTS\GLSL_PROGRESS2_BEZIER_AND_MULTIPLE_MESH1\GLSL_PROGRESS2_BEZIER_AND_MULTIPLE_MESH1\RELEASE\VC110.PDB
C:\Users\Billgates\Documents\Visual Studio 2012\Projects\GLSL_Progress2_Bezier_and_Multiple_Mesh1\Release\GLSL_Progress2_Bezier_and_Multiple_Mesh1.lib
C:\Users\Billgates\Documents\Visual Studio 2012\Projects\GLSL_Progress2_Bezier_and_Multiple_Mesh1\Release\GLSL_Progress2_Bezier_and_Multiple_Mesh1.exp
C:\USERS\BILLGATES\DOCUMENTS\VISUAL STUDIO 2012\PROJECTS\GLSL_PROGRESS2_BEZIER_AND_MULTIPLE_MESH1\RELEASE\GLSL_PROGRESS2_BEZIER_AND_MULTIPLE_MESH1.EXE
C:\Users\Billgates\Documents\Visual Studio 2012\Projects\GLSL_Progress2_Bezier_and_Multiple_Mesh1\GLSL_Progress2_Bezier_and_Multiple_Mesh1\Release\2dhud.obj
C:\Users\Billgates\Documents\Visual Studio 2012\Projects\GLSL_Progress2_Bezier_and_Multiple_Mesh1\GLSL_Progress2_Bezier_and_Multiple_Mesh1\Release\Common.obj
C:\Users\Billgates\Documents\Visual Studio 2012\Projects\GLSL_Progress2_Bezier_and_Multiple_Mesh1\GLSL_Progress2_Bezier_and_Multiple_Mesh1\Release\glfwkey.obj
C:\Users\Billgates\Documents\Visual Studio 2012\Projects\GLSL_Progress2_Bezier_and_Multiple_Mesh1\GLSL_Progress2_Bezier_and_Multiple_Mesh1\Release\loadxml.obj
C:\Users\Billgates\Documents\Visual Studio 2012\Projects\GLSL_Progress2_Bezier_and_Multiple_Mesh1\GLSL_Progress2_Bezier_and_Multiple_Mesh1\Release\load_buffers.obj
C:\Users\Billgates\Documents\Visual Studio 2012\Projects\GLSL_Progress2_Bezier_and_Multiple_Mesh1\GLSL_Progress2_Bezier_and_Multiple_Mesh1\Release\load_shaders.obj
C:\Users\Billgates\Documents\Visual Studio 2012\Projects\GLSL_Progress2_Bezier_and_Multiple_Mesh1\GLSL_Progress2_Bezier_and_Multiple_Mesh1\Release\load_shapes.obj
C:\Users\Billgates\Documents\Visual Studio 2012\Projects\GLSL_Progress2_Bezier_and_Multiple_Mesh1\GLSL_Progress2_Bezier_and_Multiple_Mesh1\Release\load_textures.obj
C:\Users\Billgates\Documents\Visual Studio 2012\Projects\GLSL_Progress2_Bezier_and_Multiple_Mesh1\GLSL_Progress2_Bezier_and_Multiple_Mesh1\Release\Main.obj
C:\Users\Billgates\Documents\Visual Studio 2012\Projects\GLSL_Progress2_Bezier_and_Multiple_Mesh1\GLSL_Progress2_Bezier_and_Multiple_Mesh1\Release\objloader.obj
C:\Users\Billgates\Documents\Visual Studio 2012\Projects\GLSL_Progress2_Bezier_and_Multiple_Mesh1\GLSL_Progress2_Bezier_and_Multiple_Mesh1\Release\cl.command.1.tlog
C:\Users\Billgates\Documents\Visual Studio 2012\Projects\GLSL_Progress2_Bezier_and_Multiple_Mesh1\GLSL_Progress2_Bezier_and_Multiple_Mesh1\Release\CL.read.1.tlog
C:\Users\Billgates\Documents\Visual Studio 2012\Projects\GLSL_Progress2_Bezier_and_Multiple_Mesh1\GLSL_Progress2_Bezier_and_Multiple_Mesh1\Release\CL.write.1.tlog
C:\Users\Billgates\Documents\Visual Studio 2012\Projects\GLSL_Progress2_Bezier_and_Multiple_Mesh1\GLSL_Progress2_Bezier_and_Multiple_Mesh1\Release\GLSL_Progress2_Bezier_and_Multiple_Mesh1.write.1.tlog
C:\Users\Billgates\Documents\Visual Studio 2012\Projects\GLSL_Progress2_Bezier_and_Multiple_Mesh1\GLSL_Progress2_Bezier_and_Multiple_Mesh1\Release\link-cvtres.read.1.tlog
C:\Users\Billgates\Documents\Visual Studio 2012\Projects\GLSL_Progress2_Bezier_and_Multiple_Mesh1\GLSL_Progress2_Bezier_and_Multiple_Mesh1\Release\link-cvtres.write.1.tlog
C:\Users\Billgates\Documents\Visual Studio 2012\Projects\GLSL_Progress2_Bezier_and_Multiple_Mesh1\GLSL_Progress2_Bezier_and_Multiple_Mesh1\Release\link-rc.read.1.tlog
C:\Users\Billgates\Documents\Visual Studio 2012\Projects\GLSL_Progress2_Bezier_and_Multiple_Mesh1\GLSL_Progress2_Bezier_and_Multiple_Mesh1\Release\link-rc.write.1.tlog
C:\Users\Billgates\Documents\Visual Studio 2012\Projects\GLSL_Progress2_Bezier_and_Multiple_Mesh1\GLSL_Progress2_Bezier_and_Multiple_Mesh1\Release\link.command.1.tlog
C:\Users\Billgates\Documents\Visual Studio 2012\Projects\GLSL_Progress2_Bezier_and_Multiple_Mesh1\GLSL_Progress2_Bezier_and_Multiple_Mesh1\Release\link.read.1.tlog
C:\Users\Billgates\Documents\Visual Studio 2012\Projects\GLSL_Progress2_Bezier_and_Multiple_Mesh1\GLSL_Progress2_Bezier_and_Multiple_Mesh1\Release\link.write.1.tlog
C:\Users\Billgates\Documents\Visual Studio 2012\Projects\GLSL_Progress2_Bezier_and_Multiple_Mesh1\GLSL_Progress2_Bezier_and_Multiple_Mesh1\Release\vc110.pdb
C:\Users\Billgates\Documents\Visual Studio 2012\Projects\GLSL_Progress2_Bezier_and_Multiple_Mesh1\Release\GLSL_Progress2_Bezier_and_Multiple_Mesh1.exe
