Build started 7/28/2023 10:30:06 AM.
     1>Project "C:\Users\Billgates\Documents\Visual Studio 2012\Projects\GLSL_Progress3_Playback_Hermite1\GLSL_Progress3_Playback_Hermite1\GLSL_Progress3_Playback_Hermite1.vcxproj" on node 2 (Build target(s)).
     1>ClCompile:
         C:\Program Files (x86)\Microsoft Visual Studio 11.0\VC\bin\CL.exe /c /Zi /nologo /W3 /WX- /O2 /Oi /Oy- /GL /D _MBCS /Gm- /EHsc /MT /GS /Gy /fp:precise /Zc:wchar_t /Zc:forScope /Fo"Release\\" /Fd"Release\vc110.pdb" /Gd /TP /analyze- /errorReport:prompt Main.cpp
         Main.cpp
       Link:
         C:\Program Files (x86)\Microsoft Visual Studio 11.0\VC\bin\link.exe /ERRORREPORT:PROMPT /OUT:"C:\Users\Billgates\Documents\Visual Studio 2012\Projects\GLSL_Progress3_Playback_Hermite1\Release\GLSL_Progress3_Playback_Hermite1.exe" /NOLOGO kernel32.lib user32.lib gdi32.lib winspool.lib comdlg32.lib advapi32.lib shell32.lib ole32.lib oleaut32.lib uuid.lib odbc32.lib odbccp32.lib /MANIFEST /MANIFESTUAC:"level='asInvoker' uiAccess='false'" /manifest:embed /PDB:"C:\Users\Billgates\Documents\Visual Studio 2012\Projects\GLSL_Progress3_Playback_Hermite1\Release\GLSL_Progress3_Playback_Hermite1.pdb" /OPT:REF /OPT:ICF /LTCG /TLBID:1 /DYNAMICBASE /NXCOMPAT /IMPLIB:"C:\Users\Billgates\Documents\Visual Studio 2012\Projects\GLSL_Progress3_Playback_Hermite1\Release\GLSL_Progress3_Playback_Hermite1.lib" /MACHINE:X86 /SAFESEH Release\2dhud.obj
         Release\Common.obj
         Release\glfwkey.obj
         Release\loadxml.obj
         Release\load_buffers.obj
         Release\load_shaders.obj
         Release\load_shapes.obj
         Release\load_textures.obj
         Release\Main.obj
         Release\objloader.obj
            Creating library C:\Users\Billgates\Documents\Visual Studio 2012\Projects\GLSL_Progress3_Playback_Hermite1\Release\GLSL_Progress3_Playback_Hermite1.lib and object C:\Users\Billgates\Documents\Visual Studio 2012\Projects\GLSL_Progress3_Playback_Hermite1\Release\GLSL_Progress3_Playback_Hermite1.exp
         Generating code
         Finished generating code
         GLSL_Progress3_Playback_Hermite1.vcxproj -> C:\Users\Billgates\Documents\Visual Studio 2012\Projects\GLSL_Progress3_Playback_Hermite1\Release\GLSL_Progress3_Playback_Hermite1.exe
     1>Done Building Project "C:\Users\Billgates\Documents\Visual Studio 2012\Projects\GLSL_Progress3_Playback_Hermite1\GLSL_Progress3_Playback_Hermite1\GLSL_Progress3_Playback_Hermite1.vcxproj" (Build target(s)).

Build succeeded.

Time Elapsed 00:00:13.14
