Build started 3/17/2024 9:44:39 PM.
     1>Project "c:\Users\buttburger\documents\visual studio 2012\Projects\GLSL_8_Lightcaster_Normalmapping1\GLSL_8_Lightcaster_Normalmapping1\GLSL_8_Lightcaster_Normalmapping1.vcxproj" on node 2 (Build target(s)).
     1>ClCompile:
         C:\Program Files (x86)\Microsoft Visual Studio 11.0\VC\bin\CL.exe /c /Zi /nologo /W3 /WX- /O2 /Oi /Oy- /GL /D _MBCS /Gm- /EHsc /MT /GS /Gy /fp:precise /Zc:wchar_t /Zc:forScope /Fo"Release\\" /Fd"Release\vc110.pdb" /Gd /TP /analyze- /errorReport:prompt 2dhud.cpp Common.cpp glfwkey.cpp loadxml.cpp load_buffers.cpp load_shaders.cpp load_shapes.cpp load_textures.cpp Main.cpp objloader.cpp
         2dhud.cpp
         Common.cpp
         glfwkey.cpp
         loadxml.cpp
         load_buffers.cpp
         load_shaders.cpp
         load_shapes.cpp
         load_textures.cpp
         Main.cpp
         objloader.cpp
       Link:
         C:\Program Files (x86)\Microsoft Visual Studio 11.0\VC\bin\link.exe /ERRORREPORT:PROMPT /OUT:"c:\users\buttburger\documents\visual studio 2012\Projects\GLSL_8_Lightcaster_Normalmapping1\Release\GLSL_8_Lightcaster_Normalmapping1.exe" /NOLOGO kernel32.lib user32.lib gdi32.lib winspool.lib comdlg32.lib advapi32.lib shell32.lib ole32.lib oleaut32.lib uuid.lib odbc32.lib odbccp32.lib /MANIFEST /MANIFESTUAC:"level='asInvoker' uiAccess='false'" /manifest:embed /PDB:"c:\users\buttburger\documents\visual studio 2012\Projects\GLSL_8_Lightcaster_Normalmapping1\Release\GLSL_8_Lightcaster_Normalmapping1.pdb" /OPT:REF /OPT:ICF /LTCG /TLBID:1 /DYNAMICBASE /NXCOMPAT /IMPLIB:"c:\users\buttburger\documents\visual studio 2012\Projects\GLSL_8_Lightcaster_Normalmapping1\Release\GLSL_8_Lightcaster_Normalmapping1.lib" /MACHINE:X86 /SAFESEH Release\2dhud.obj
         Release\Common.obj
         Release\glfwkey.obj
         Release\loadxml.obj
         Release\load_buffers.obj
         Release\load_shaders.obj
         Release\load_shapes.obj
         Release\load_textures.obj
         Release\Main.obj
         Release\objloader.obj
            Creating library c:\users\buttburger\documents\visual studio 2012\Projects\GLSL_8_Lightcaster_Normalmapping1\Release\GLSL_8_Lightcaster_Normalmapping1.lib and object c:\users\buttburger\documents\visual studio 2012\Projects\GLSL_8_Lightcaster_Normalmapping1\Release\GLSL_8_Lightcaster_Normalmapping1.exp
         Generating code
         Finished generating code
         GLSL_8_Lightcaster_Normalmapping1.vcxproj -> c:\users\buttburger\documents\visual studio 2012\Projects\GLSL_8_Lightcaster_Normalmapping1\Release\GLSL_8_Lightcaster_Normalmapping1.exe
     1>Done Building Project "c:\Users\buttburger\documents\visual studio 2012\Projects\GLSL_8_Lightcaster_Normalmapping1\GLSL_8_Lightcaster_Normalmapping1\GLSL_8_Lightcaster_Normalmapping1.vcxproj" (Build target(s)).

Build succeeded.

Time Elapsed 00:00:24.06
