C:\USERS\BILLGATES\DOCUMENTS\VISUAL STUDIO 2012\PROJECTS\GLSL_11_OBJECT_MATRIX_FIX1\GLSL_11_OBJECT_MATRIX_FIX1\RELEASE\OBJLOADER.OBJ
C:\USERS\BILLGATES\DOCUMENTS\VISUAL STUDIO 2012\PROJECTS\GLSL_11_OBJECT_MATRIX_FIX1\GLSL_11_OBJECT_MATRIX_FIX1\RELEASE\MAIN.OBJ
C:\USERS\BILLGATES\DOCUMENTS\VISUAL STUDIO 2012\PROJECTS\GLSL_11_OBJECT_MATRIX_FIX1\GLSL_11_OBJECT_MATRIX_FIX1\RELEASE\LOAD_TEXTURES.OBJ
C:\USERS\BILLGATES\DOCUMENTS\VISUAL STUDIO 2012\PROJECTS\GLSL_11_OBJECT_MATRIX_FIX1\GLSL_11_OBJECT_MATRIX_FIX1\RELEASE\LOAD_SHAPES.OBJ
C:\USERS\BILLGATES\DOCUMENTS\VISUAL STUDIO 2012\PROJECTS\GLSL_11_OBJECT_MATRIX_FIX1\GLSL_11_OBJECT_MATRIX_FIX1\RELEASE\LOAD_SHADERS.OBJ
C:\USERS\BILLGATES\DOCUMENTS\VISUAL STUDIO 2012\PROJECTS\GLSL_11_OBJECT_MATRIX_FIX1\GLSL_11_OBJECT_MATRIX_FIX1\RELEASE\LOAD_BUFFERS.OBJ
C:\USERS\BILLGATES\DOCUMENTS\VISUAL STUDIO 2012\PROJECTS\GLSL_11_OBJECT_MATRIX_FIX1\GLSL_11_OBJECT_MATRIX_FIX1\RELEASE\LOADXML.OBJ
C:\USERS\BILLGATES\DOCUMENTS\VISUAL STUDIO 2012\PROJECTS\GLSL_11_OBJECT_MATRIX_FIX1\GLSL_11_OBJECT_MATRIX_FIX1\RELEASE\GLFWKEY.OBJ
C:\USERS\BILLGATES\DOCUMENTS\VISUAL STUDIO 2012\PROJECTS\GLSL_11_OBJECT_MATRIX_FIX1\GLSL_11_OBJECT_MATRIX_FIX1\RELEASE\COMMON.OBJ
C:\USERS\BILLGATES\DOCUMENTS\VISUAL STUDIO 2012\PROJECTS\GLSL_11_OBJECT_MATRIX_FIX1\GLSL_11_OBJECT_MATRIX_FIX1\RELEASE\2DHUD.OBJ
C:\USERS\BILLGATES\DOCUMENTS\VISUAL STUDIO 2012\PROJECTS\GLSL_11_OBJECT_MATRIX_FIX1\GLSL_11_OBJECT_MATRIX_FIX1\RELEASE\VC110.PDB
c:\users\billgates\documents\visual studio 2012\Projects\GLSL_11_Object_Matrix_fix1\Release\GLSL_11_Object_Matrix_fix1.lib
c:\users\billgates\documents\visual studio 2012\Projects\GLSL_11_Object_Matrix_fix1\Release\GLSL_11_Object_Matrix_fix1.exp
C:\USERS\BILLGATES\DOCUMENTS\VISUAL STUDIO 2012\PROJECTS\GLSL_11_OBJECT_MATRIX_FIX1\RELEASE\GLSL_11_OBJECT_MATRIX_FIX1.EXE
C:\Users\BillGates\Documents\Visual Studio 2012\Projects\GLSL_11_Object_Matrix_fix1\GLSL_11_Object_Matrix_fix1\Release\2dhud.obj
C:\Users\BillGates\Documents\Visual Studio 2012\Projects\GLSL_11_Object_Matrix_fix1\GLSL_11_Object_Matrix_fix1\Release\Common.obj
C:\Users\BillGates\Documents\Visual Studio 2012\Projects\GLSL_11_Object_Matrix_fix1\GLSL_11_Object_Matrix_fix1\Release\glfwkey.obj
C:\Users\BillGates\Documents\Visual Studio 2012\Projects\GLSL_11_Object_Matrix_fix1\GLSL_11_Object_Matrix_fix1\Release\loadxml.obj
C:\Users\BillGates\Documents\Visual Studio 2012\Projects\GLSL_11_Object_Matrix_fix1\GLSL_11_Object_Matrix_fix1\Release\load_buffers.obj
C:\Users\BillGates\Documents\Visual Studio 2012\Projects\GLSL_11_Object_Matrix_fix1\GLSL_11_Object_Matrix_fix1\Release\load_shaders.obj
C:\Users\BillGates\Documents\Visual Studio 2012\Projects\GLSL_11_Object_Matrix_fix1\GLSL_11_Object_Matrix_fix1\Release\load_shapes.obj
C:\Users\BillGates\Documents\Visual Studio 2012\Projects\GLSL_11_Object_Matrix_fix1\GLSL_11_Object_Matrix_fix1\Release\load_textures.obj
C:\Users\BillGates\Documents\Visual Studio 2012\Projects\GLSL_11_Object_Matrix_fix1\GLSL_11_Object_Matrix_fix1\Release\Main.obj
C:\Users\BillGates\Documents\Visual Studio 2012\Projects\GLSL_11_Object_Matrix_fix1\GLSL_11_Object_Matrix_fix1\Release\objloader.obj
C:\Users\BillGates\Documents\Visual Studio 2012\Projects\GLSL_11_Object_Matrix_fix1\GLSL_11_Object_Matrix_fix1\Release\cl.command.1.tlog
C:\Users\BillGates\Documents\Visual Studio 2012\Projects\GLSL_11_Object_Matrix_fix1\GLSL_11_Object_Matrix_fix1\Release\CL.read.1.tlog
C:\Users\BillGates\Documents\Visual Studio 2012\Projects\GLSL_11_Object_Matrix_fix1\GLSL_11_Object_Matrix_fix1\Release\CL.write.1.tlog
C:\Users\BillGates\Documents\Visual Studio 2012\Projects\GLSL_11_Object_Matrix_fix1\GLSL_11_Object_Matrix_fix1\Release\GLSL_11_Object_Matrix_fix1.write.1.tlog
C:\Users\BillGates\Documents\Visual Studio 2012\Projects\GLSL_11_Object_Matrix_fix1\GLSL_11_Object_Matrix_fix1\Release\link-cvtres.read.1.tlog
C:\Users\BillGates\Documents\Visual Studio 2012\Projects\GLSL_11_Object_Matrix_fix1\GLSL_11_Object_Matrix_fix1\Release\link-cvtres.write.1.tlog
C:\Users\BillGates\Documents\Visual Studio 2012\Projects\GLSL_11_Object_Matrix_fix1\GLSL_11_Object_Matrix_fix1\Release\link-rc.read.1.tlog
C:\Users\BillGates\Documents\Visual Studio 2012\Projects\GLSL_11_Object_Matrix_fix1\GLSL_11_Object_Matrix_fix1\Release\link-rc.write.1.tlog
C:\Users\BillGates\Documents\Visual Studio 2012\Projects\GLSL_11_Object_Matrix_fix1\GLSL_11_Object_Matrix_fix1\Release\link.command.1.tlog
C:\Users\BillGates\Documents\Visual Studio 2012\Projects\GLSL_11_Object_Matrix_fix1\GLSL_11_Object_Matrix_fix1\Release\link.read.1.tlog
C:\Users\BillGates\Documents\Visual Studio 2012\Projects\GLSL_11_Object_Matrix_fix1\GLSL_11_Object_Matrix_fix1\Release\link.write.1.tlog
C:\Users\BillGates\Documents\Visual Studio 2012\Projects\GLSL_11_Object_Matrix_fix1\GLSL_11_Object_Matrix_fix1\Release\vc110.pdb
C:\Users\BillGates\Documents\Visual Studio 2012\Projects\GLSL_11_Object_Matrix_fix1\Release\GLSL_11_Object_Matrix_fix1.exe
